hp-check[2718]: info: :
Initializing. Please wait...
l’ordonnanceur tourne

1.3.11

Linux nutyx 2.6.31.1 #1 SMP PREEMPT Thu Sep 24 21:50:50 CEST 2009 i686 athlon-4 i386 GNU/Linux

hp-check[2718]: info: :
hp-check[2718]: info: :---------------
hp-check[2718]: info: :| SYSTEM INFO |
hp-check[2718]: info: :---------------
hp-check[2718]: info: :
hp-check[2718]: info: :[01mBasic system information:[0m
hp-check[2718]: info: :Linux nutyx 2.6.31.1 #1 SMP PREEMPT Thu Sep 24 21:50:50 CEST 2009 i686 athlon-4 i386 GNU/Linux
hp-check[2718]: info: :
hp-check[2718]: info: :[01mDistribution:[0m
hp-check[2718]: info: :unknown 0.0
hp-check[2718]: info: :
hp-check[2718]: info: :[01mChecking Python version...[0m
hp-check[2718]: info: :OK, version 2.6.2 installed
hp-check[2718]: info: :
hp-check[2718]: info: :[01mChecking PyQt 4.x version...[0m
error: NOT FOUND OR FAILED TO LOAD!
hp-check[2718]: info: :
hp-check[2718]: info: :[01mChecking for CUPS...[0m
hp-check[2718]: info: :Status: l’ordonnanceur tourne
hp-check[2718]: info: :Version: 1.3.11
hp-check[2718]: info: :error_log is set to level: info
hp-check[2718]: info: :
hp-check[2718]: info: :[01mChecking for dbus/python-dbus...[0m
hp-check[2718]: info: :dbus daemon is running.
hp-check[2718]: info: :python-dbus version: 0.83.0
hp-check[2718]: info: :
hp-check[2718]: info: :
hp-check[2718]: info: :------------------------------------
hp-check[2718]: info: :| COMPILE AND RUNTIME DEPENDENCIES |
hp-check[2718]: info: :------------------------------------
hp-check[2718]: info: :
note: To check for compile-time only dependencies, re-run hp-check with the -c parameter (ie, hp-check -c).
note: To check for run-time only dependencies, re-run hp-check with the -r parameter (ie, hp-check -r).
hp-check[2718]: info: :
hp-check[2718]: info: :[01mChecking for dependency: CUPS - Common Unix Printing System...[0m
hp-check[2718]: info: :OK, found.
hp-check[2718]: info: :
hp-check[2718]: info: :[01mChecking for dependency: CUPS DDK - CUPS driver development kit...[0m
warning: NOT FOUND! This is an OPTIONAL/RUNTIME ONLY dependency. Some HPLIP functionality may not function properly.
hp-check[2718]: info: :
hp-check[2718]: info: :[01mChecking for dependency: CUPS devel- Common Unix Printing System development files...[0m
hp-check[2718]: info: :OK, found.
hp-check[2718]: info: :
hp-check[2718]: info: :[01mChecking for dependency: CUPS image - CUPS image development files...[0m
hp-check[2718]: info: :OK, found.
hp-check[2718]: info: :
hp-check[2718]: info: :[01mChecking for dependency: DBus - Message bus system...[0m
hp-check[2718]: info: :OK, found.
hp-check[2718]: info: :
hp-check[2718]: info: :[01mChecking for dependency: gcc - GNU Project C and C++ Compiler...[0m
hp-check[2718]: info: :OK, found.
hp-check[2718]: info: :
hp-check[2718]: info: :[01mChecking for dependency: GhostScript - PostScript and PDF language interpreter and previewer...[0m
hp-check[2718]: info: :OK, found.
hp-check[2718]: info: :
hp-check[2718]: info: :[01mChecking for dependency: libcrypto - OpenSSL cryptographic library...[0m
hp-check[2718]: info: :OK, found.
hp-check[2718]: info: :
hp-check[2718]: info: :[01mChecking for dependency: libjpeg - JPEG library...[0m
hp-check[2718]: info: :OK, found.
hp-check[2718]: info: :
hp-check[2718]: info: :[01mChecking for dependency: libnetsnmp-devel - SNMP networking library development files...[0m
hp-check[2718]: info: :OK, found.
hp-check[2718]: info: :
hp-check[2718]: info: :[01mChecking for dependency: libpthread - POSIX threads library...[0m
hp-check[2718]: info: :OK, found.
hp-check[2718]: info: :
hp-check[2718]: info: :[01mChecking for dependency: libtool - Library building support services...[0m
hp-check[2718]: info: :OK, found.
hp-check[2718]: info: :
hp-check[2718]: info: :[01mChecking for dependency: libusb - USB library...[0m
hp-check[2718]: info: :OK, found.
hp-check[2718]: info: :
hp-check[2718]: info: :[01mChecking for dependency: make - GNU make utility to maintain groups of programs...[0m
hp-check[2718]: info: :OK, found.
hp-check[2718]: info: :
hp-check[2718]: info: :[01mChecking for dependency: PIL - Python Imaging Library (required for commandline scanning with hp-scan)...[0m
warning: NOT FOUND! This is an OPTIONAL/RUNTIME ONLY dependency. Some HPLIP functionality may not function properly.
hp-check[2718]: info: :
hp-check[2718]: info: :[01mChecking for dependency: PolicyKit - Administrative policy framework...[0m
warning: NOT FOUND! This is an OPTIONAL/RUNTIME ONLY dependency. Some HPLIP functionality may not function properly.
hp-check[2718]: info: :
hp-check[2718]: info: :[01mChecking for dependency: PyQt 4 DBus - DBus Support for PyQt4...[0m
hp-check[2718]: info: :OK, found.
hp-check[2718]: info: :
hp-check[2718]: info: :[01mChecking for dependency: Python DBus - Python bindings for DBus...[0m
hp-check[2718]: info: :OK, found.
hp-check[2718]: info: :
hp-check[2718]: info: :[01mChecking for dependency: Python devel - Python development files...[0m
hp-check[2718]: info: :OK, found.
hp-check[2718]: info: :
hp-check[2718]: info: :[01mChecking for dependency: Python libnotify - Python bindings for the libnotify Desktop notifications...[0m
warning: NOT FOUND! This is an OPTIONAL/RUNTIME ONLY dependency. Some HPLIP functionality may not function properly.
hp-check[2718]: info: :
hp-check[2718]: info: :[01mChecking for dependency: Python XML libraries...[0m
hp-check[2718]: info: :OK, found.
hp-check[2718]: info: :
hp-check[2718]: info: :[01mChecking for dependency: Python 2.3 or greater - Required for fax functionality...[0m
hp-check[2718]: info: :OK, found.
hp-check[2718]: info: :
hp-check[2718]: info: :[01mChecking for dependency: Python 2.2 or greater - Python programming language...[0m
hp-check[2718]: info: :OK, found.
hp-check[2718]: info: :
hp-check[2718]: info: :[01mChecking for dependency: Reportlab - PDF library for Python...[0m
warning: NOT FOUND! This is an OPTIONAL/RUNTIME ONLY dependency. Some HPLIP functionality may not function properly.
hp-check[2718]: info: :
hp-check[2718]: info: :[01mChecking for dependency: SANE - Scanning library...[0m
hp-check[2718]: info: :OK, found.
hp-check[2718]: info: :
hp-check[2718]: info: :[01mChecking for dependency: SANE - Scanning library development files...[0m
hp-check[2718]: info: :OK, found.
hp-check[2718]: info: :
hp-check[2718]: info: :[01mChecking for dependency: scanimage - Shell scanning program...[0m
hp-check[2718]: info: :OK, found.
hp-check[2718]: info: :
hp-check[2718]: info: :[01mChecking for dependency: xsane - Graphical scanner frontend for SANE...[0m
warning: NOT FOUND! This is an OPTIONAL/RUNTIME ONLY dependency. Some HPLIP functionality may not function properly.
hp-check[2718]: info: :
hp-check[2718]: info: :
hp-check[2718]: info: :----------------------
hp-check[2718]: info: :| HPLIP INSTALLATION |
hp-check[2718]: info: :----------------------
hp-check[2718]: info: :
hp-check[2718]: info: :
hp-check[2718]: info: :[01mCurrently installed HPLIP version...[0m
hp-check[2718]: info: :HPLIP 3.9.8 currently installed in '/usr/share/hplip'.
hp-check[2718]: info: :
hp-check[2718]: info: :[01mCurrent contents of '/etc/hp/hplip.conf' file:[0m
hp-check[2718]: info: :# hplip.conf.  Generated from hplip.conf.in by configure.

[hplip]
version=3.9.8

[dirs]
home=/usr/share/hplip
run=/var/run
ppd=/usr/share/ppd/HP
ppdbase=/usr/share/ppd
doc=/usr/share/doc/hplip-3.9.8
icon=/usr/share/applications
cupsbackend=/usr/lib/cups/backend
cupsfilter=/usr/lib/cups/filter
drv=/usr/share/cups/drv/hp

# Following values are determined at configure time and cannot be changed.
[configure]
network-build=yes
pp-build=no
gui-build=yes
scanner-build=yes
fax-build=yes
dbus-build=yes
cups11-build=no
doc-build=yes
shadow-build=no
hpijs-install=yes
foomatic-drv-install=yes
foomatic-ppd-install=yes
foomatic-rip-hplip-install=yes
hpcups-install=yes
cups-drv-install=yes
cups-ppd-install=yes
internal-tag=3.9.8.36
restricted-build=no
ui-toolkit=qt4
qt3=no
qt4=yes
policy-kit=yes
hpijs-only-build=no
lite-build=no
udev-acl-rules=no

hp-check[2718]: info: :
hp-check[2718]: info: :[01mCurrent contents of '/var/lib/hp/hplip.state' file:[0m
hp-check[2718]: info: :# hplip.state - HPLIP runtime persistent variables. 

[plugin]
installed=0
eula=0


hp-check[2718]: info: :
hp-check[2718]: info: :[01mCurrent contents of '~/.hplip/hplip.conf' file:[0m
error: Could not access file: No such file or directory
hp-check[2718]: info: :
hp-check[2718]: info: :--------------------------
hp-check[2718]: info: :| DISCOVERED USB DEVICES |
hp-check[2718]: info: :--------------------------
hp-check[2718]: info: :
hp-check[2718]: info: :  Device URI                                             Model                             
hp-check[2718]: info: :  -----------------------------------------------------  ----------------------------------
hp-check[2718]: info: :  hp:/usb/Photosmart_C4380_series?serial=CN86CF60HK051Q  HP Photosmart C4380 series        
hp-check[2718]: info: :
hp-check[2718]: info: :---------------------------------
hp-check[2718]: info: :| INSTALLED CUPS PRINTER QUEUES |
hp-check[2718]: info: :---------------------------------
hp-check[2718]: info: :
hp-check[2718]: info: :
hp-check[2718]: info: :[01mlpstat[0m
hp-check[2718]: info: :[01m------[0m
hp-check[2718]: info: :Type: Unknown
hp-check[2718]: info: :Device URI: No destinations added.
hp-check[2718]: info: :
hp-check[2718]: info: :
hp-check[2718]: info: :----------------------
hp-check[2718]: info: :| SANE CONFIGURATION |
hp-check[2718]: info: :----------------------
hp-check[2718]: info: :
hp-check[2718]: info: :[01m'hpaio' in '/etc/sane.d/dll.conf'...[0m
hp-check[2718]: info: :OK, found. SANE backend 'hpaio' is properly set up.
hp-check[2718]: info: :
hp-check[2718]: info: :[01mChecking output of 'scanimage -L'...[0m
hp-check[2718]: info: :device `hpaio:/usb/Photosmart_C4380_series?serial=CN86CF60HK051Q' is a Hewlett-Packard Photosmart_C4380_series all-in-one

hp-check[2718]: info: :
hp-check[2718]: info: :---------------------
hp-check[2718]: info: :| PYTHON EXTENSIONS |
hp-check[2718]: info: :---------------------
hp-check[2718]: info: :
hp-check[2718]: info: :[01mChecking 'cupsext' CUPS extension...[0m
hp-check[2718]: info: :OK, found.
hp-check[2718]: info: :
hp-check[2718]: info: :[01mChecking 'pcardext' Photocard extension...[0m
hp-check[2718]: info: :OK, found.
hp-check[2718]: info: :
hp-check[2718]: info: :[01mChecking 'hpmudext' I/O extension...[0m
hp-check[2718]: info: :OK, found.
hp-check[2718]: info: :
hp-check[2718]: info: :[01mChecking 'scanext' SANE scanning extension...[0m
hp-check[2718]: info: :OK, found.
hp-check[2718]: info: :
hp-check[2718]: info: :
hp-check[2718]: info: :
hp-check[2718]: info: :-----------------
hp-check[2718]: info: :| USB I/O SETUP |
hp-check[2718]: info: :-----------------
hp-check[2718]: info: :
hp-check[2718]: info: :[01mChecking for permissions of USB attached printers...[0m
hp-check[2718]: info: :
HP Device 0x6611 at 002:004: 
hp-check[2718]: info: :    Device URI: hp:/usb/Photosmart_C4380_series?serial=CN86CF60HK051Q
hp-check[2718]: info: :    Device node: /dev/bus/usb/002/004
hp-check[2718]: info: :    Mode: 0664
hp-check[2718]: info: :
hp-check[2718]: info: :---------------
hp-check[2718]: info: :| USER GROUPS |
hp-check[2718]: info: :---------------
hp-check[2718]: info: :
hp-check[2718]: info: :root

hp-check[2718]: info: :
hp-check[2718]: info: :-----------
hp-check[2718]: info: :| SUMMARY |
hp-check[2718]: info: :-----------
hp-check[2718]: info: :
error: 7 errors and/or warnings.
hp-check[2718]: info: :
hp-check[2718]: info: :Please refer to the installation instructions at:
hp-check[2718]: info: :http://hplip.sourceforge.net/install/index.html

hp-check[2718]: info: :
hp-check[2718]: info: :Done.
