This file contains any messages produced by compilers while
running configure, to aid debugging if configure makes a mistake.

It was created by mplayerplug-in configure 3.55, which was
generated by GNU Autoconf 2.61.  Invocation command line was

  $ ./configure --with--gecko-sdk=/srv/sources/gecko-sdk --enable-x --enable-qt --enable-wmp --enable-rm --enable-gtk2 --disable-nls

## --------- ##
## Platform. ##
## --------- ##

hostname = frednut
uname -m = i686
uname -r = 2.6.31
uname -s = Linux
uname -v = #1 SMP PREEMPT Fri Sep 11 18:42:37 CEST 2009

/usr/bin/uname -p = unknown
/bin/uname -X     = unknown

/bin/arch              = i686
/usr/bin/arch -k       = unknown
/usr/convex/getsysinfo = unknown
/usr/bin/hostinfo      = unknown
/bin/machine           = unknown
/usr/bin/oslevel       = unknown
/bin/universe          = unknown

PATH: /usr/local/sbin
PATH: /usr/local/bin
PATH: /bin
PATH: /usr/bin
PATH: /sbin
PATH: /usr/sbin
PATH: /usr/bin
PATH: /opt/kde3/bin
PATH: /usr/X11R6/bin
PATH: /opt/kde/bin
PATH: /opt/qt/bin
PATH: /opt/jdk/bin
PATH: /root/bin


## ----------- ##
## Core tests. ##
## ----------- ##

configure:1823: checking for g++
configure:1839: found /usr/bin/g++
configure:1850: result: g++
configure:1881: checking for C++ compiler version
configure:1888: g++ --version >&5
g++ (GCC) 4.4.1
Copyright (C) 2009 Free Software Foundation, Inc.
This is free software; see the source for copying conditions.  There is NO
warranty; not even for MERCHANTABILITY or FITNESS FOR A PARTICULAR PURPOSE.

configure:1891: $? = 0
configure:1898: g++ -v >&5
Using built-in specs.
Target: i686-pc-linux-gnu
Configured with: ../gcc-4.4.1/configure --prefix=/usr --libexecdir=/usr/lib --enable-languages=c,c++,objc,fortran --enable-threads=posix --enable-__cxa_atexit --enable-clocale=gnu --enable-shared --infodir=/usr/share/info --mandir=/usr/share/man --with-x=no --disable-multilib --disable-bootstrap
Thread model: posix
gcc version 4.4.1 (GCC) 
configure:1901: $? = 0
configure:1908: g++ -V >&5
g++: '-V' option must have argument
configure:1911: $? = 1
configure:1934: checking for C++ compiler default output file name
configure:1961: g++    conftest.cpp  >&5
configure:1964: $? = 0
configure:2002: result: a.out
configure:2019: checking whether the C++ compiler works
configure:2029: ./a.out
configure:2032: $? = 0
configure:2049: result: yes
configure:2056: checking whether we are cross compiling
configure:2058: result: no
configure:2061: checking for suffix of executables
configure:2068: g++ -o conftest    conftest.cpp  >&5
configure:2071: $? = 0
configure:2095: result: 
configure:2101: checking for suffix of object files
configure:2127: g++ -c   conftest.cpp >&5
configure:2130: $? = 0
configure:2153: result: o
configure:2157: checking whether we are using the GNU C++ compiler
configure:2186: g++ -c   conftest.cpp >&5
configure:2192: $? = 0
configure:2209: result: yes
configure:2214: checking whether g++ accepts -g
configure:2244: g++ -c -g  conftest.cpp >&5
configure:2250: $? = 0
configure:2349: result: yes
configure:2420: checking for gcc
configure:2436: found /usr/bin/gcc
configure:2447: result: gcc
configure:2685: checking for C compiler version
configure:2692: gcc --version >&5
gcc (GCC) 4.4.1
Copyright (C) 2009 Free Software Foundation, Inc.
This is free software; see the source for copying conditions.  There is NO
warranty; not even for MERCHANTABILITY or FITNESS FOR A PARTICULAR PURPOSE.

configure:2695: $? = 0
configure:2702: gcc -v >&5
Using built-in specs.
Target: i686-pc-linux-gnu
Configured with: ../gcc-4.4.1/configure --prefix=/usr --libexecdir=/usr/lib --enable-languages=c,c++,objc,fortran --enable-threads=posix --enable-__cxa_atexit --enable-clocale=gnu --enable-shared --infodir=/usr/share/info --mandir=/usr/share/man --with-x=no --disable-multilib --disable-bootstrap
Thread model: posix
gcc version 4.4.1 (GCC) 
configure:2705: $? = 0
configure:2712: gcc -V >&5
gcc: '-V' option must have argument
configure:2715: $? = 1
configure:2718: checking whether we are using the GNU C compiler
configure:2747: gcc -c   conftest.c >&5
configure:2753: $? = 0
configure:2770: result: yes
configure:2775: checking whether gcc accepts -g
configure:2805: gcc -c -g  conftest.c >&5
configure:2811: $? = 0
configure:2910: result: yes
configure:2927: checking for gcc option to accept ISO C89
configure:3001: gcc  -c -g -O2  conftest.c >&5
configure:3007: $? = 0
configure:3030: result: none needed
configure:3092: checking for a BSD-compatible install
configure:3148: result: /usr/bin/install -c
configure:3163: checking for gawk
configure:3179: found /usr/bin/gawk
configure:3190: result: gawk
configure:3201: checking whether make sets $(MAKE)
configure:3222: result: yes
configure:3286: Determining mozilla/firefox packages to build against
configure:3294: checking for pkg-config
configure:3312: found /usr/bin/pkg-config
configure:3325: result: /usr/bin/pkg-config
configure:3343: checking for mozilla-plugin mozilla-xpcom
configure:3385: WARNING: mozilla-plugin not found
configure:3446: checking for firefox-plugin firefox-xpcom
configure:3488: WARNING: firefox-plugin not found
configure:3549: checking for seamonkey-plugin seamonkey-xpcom
configure:3591: WARNING: seamonkey-plugin not found
configure:3652: checking for xulrunner-plugin xulrunner-xpcom
configure:3694: WARNING: xulrunner-plugin not found
configure:3755: checking for libxul
configure:3759: result: yes
configure:3763: checking MOZPLUG_CFLAGS
configure:3766: result: -fshort-wchar -I/usr/include/xulrunner-1.9.1.3/stable -I/usr/include/nspr  
configure:3769: checking MOZPLUG_LIBS
configure:3772: result: -L/usr/lib/xulrunner-devel-1.9.1.3/lib -lxpcomglue_s -lxul -lxpcom -lplds4 -lplc4 -lnspr4 -lpthread -ldl  
configure:3932: checking for xpidl
configure:3951: found /usr/bin/xpidl
configure:3964: result: /usr/bin/xpidl
configure:4591: checking how to run the C preprocessor
configure:4631: gcc -E  conftest.c
configure:4637: $? = 0
configure:4668: gcc -E  conftest.c
conftest.c:8:28: error: ac_nonexistent.h: No such file or directory
configure:4674: $? = 1
configure: failed program was:
| /* confdefs.h.  */
| #define PACKAGE_NAME "mplayerplug-in"
| #define PACKAGE_TARNAME "mplayerplug-in"
| #define PACKAGE_VERSION "3.55"
| #define PACKAGE_STRING "mplayerplug-in 3.55"
| #define PACKAGE_BUGREPORT "mplayerplug-in-devel@lists.sourceforge.net"
| /* end confdefs.h.  */
| #include <ac_nonexistent.h>
configure:4707: result: gcc -E
configure:4736: gcc -E  conftest.c
configure:4742: $? = 0
configure:4773: gcc -E  conftest.c
conftest.c:8:28: error: ac_nonexistent.h: No such file or directory
configure:4779: $? = 1
configure: failed program was:
| /* confdefs.h.  */
| #define PACKAGE_NAME "mplayerplug-in"
| #define PACKAGE_TARNAME "mplayerplug-in"
| #define PACKAGE_VERSION "3.55"
| #define PACKAGE_STRING "mplayerplug-in 3.55"
| #define PACKAGE_BUGREPORT "mplayerplug-in-devel@lists.sourceforge.net"
| /* end confdefs.h.  */
| #include <ac_nonexistent.h>
configure:4872: checking for x11
configure:4876: result: yes
configure:4880: checking X_CFLAGS
configure:4883: result:  
configure:4886: checking X_LIBS
configure:4889: result: -lX11  
configure:5207: checking for xt
configure:5211: result: yes
configure:5215: checking XT_CFLAGS
configure:5218: result:  
configure:5221: checking XT_LIBS
configure:5224: result: -lXt -lX11 -lSM -lICE  
configure:6323: checking for grep that handles long lines and -e
configure:6397: result: /bin/grep
configure:6402: checking for egrep
configure:6480: result: /bin/grep -E
configure:6485: checking for ANSI C header files
configure:6515: gcc -c -g -O2  conftest.c >&5
configure:6521: $? = 0
configure:6620: gcc -o conftest -g -O2   conftest.c  >&5
configure:6623: $? = 0
configure:6629: ./conftest
configure:6632: $? = 0
configure:6649: result: yes
configure:6673: checking for sys/types.h
configure:6694: gcc -c -g -O2  conftest.c >&5
configure:6700: $? = 0
configure:6716: result: yes
configure:6673: checking for sys/stat.h
configure:6694: gcc -c -g -O2  conftest.c >&5
configure:6700: $? = 0
configure:6716: result: yes
configure:6673: checking for stdlib.h
configure:6694: gcc -c -g -O2  conftest.c >&5
configure:6700: $? = 0
configure:6716: result: yes
configure:6673: checking for string.h
configure:6694: gcc -c -g -O2  conftest.c >&5
configure:6700: $? = 0
configure:6716: result: yes
configure:6673: checking for memory.h
configure:6694: gcc -c -g -O2  conftest.c >&5
configure:6700: $? = 0
configure:6716: result: yes
configure:6673: checking for strings.h
configure:6694: gcc -c -g -O2  conftest.c >&5
configure:6700: $? = 0
configure:6716: result: yes
configure:6673: checking for inttypes.h
configure:6694: gcc -c -g -O2  conftest.c >&5
configure:6700: $? = 0
configure:6716: result: yes
configure:6673: checking for stdint.h
configure:6694: gcc -c -g -O2  conftest.c >&5
configure:6700: $? = 0
configure:6716: result: yes
configure:6673: checking for unistd.h
configure:6694: gcc -c -g -O2  conftest.c >&5
configure:6700: $? = 0
configure:6716: result: yes
configure:6783: checking for xpm
configure:6787: result: yes
configure:6791: checking XPM_CFLAGS
configure:6794: result:  
configure:6797: checking XPM_LIBS
configure:6800: result: -lXpm -lX11  
configure:6968: checking for ANSI C header files
configure:7132: result: yes
configure:7161: checking stddef.h usability
configure:7178: gcc -c -g -O2      conftest.c >&5
configure:7184: $? = 0
configure:7198: result: yes
configure:7202: checking stddef.h presence
configure:7217: gcc -E  conftest.c
configure:7223: $? = 0
configure:7237: result: yes
configure:7270: checking for stddef.h
configure:7278: result: yes
configure:7151: checking for stdlib.h
configure:7157: result: yes
configure:7151: checking for unistd.h
configure:7157: result: yes
configure:7151: checking for sys/stat.h
configure:7157: result: yes
configure:7161: checking fcntl.h usability
configure:7178: gcc -c -g -O2      conftest.c >&5
configure:7184: $? = 0
configure:7198: result: yes
configure:7202: checking fcntl.h presence
configure:7217: gcc -E  conftest.c
configure:7223: $? = 0
configure:7237: result: yes
configure:7270: checking for fcntl.h
configure:7278: result: yes
configure:7293: checking for an ANSI C-conforming const
configure:7368: gcc -c -g -O2      conftest.c >&5
configure:7374: $? = 0
configure:7389: result: yes
configure:7399: checking whether time.h and sys/time.h may both be included
configure:7429: gcc -c -g -O2      conftest.c >&5
configure:7435: $? = 0
configure:7450: result: yes
configure:7460: checking for pid_t
configure:7490: gcc -c -g -O2      conftest.c >&5
configure:7496: $? = 0
configure:7511: result: yes
configure:7523: checking for size_t
configure:7553: gcc -c -g -O2      conftest.c >&5
configure:7559: $? = 0
configure:7574: result: yes
configure:7593: checking for stdlib.h
configure:7599: result: yes
configure:7733: checking for GNU libc compatible malloc
configure:7767: gcc -o conftest -g -O2       conftest.c -lX11    -lX11  -lXt -lX11 -lSM -lICE   >&5
configure:7770: $? = 0
configure:7776: ./conftest
configure:7779: $? = 0
configure:7795: result: yes
configure:7838: checking vfork.h usability
configure:7855: gcc -c -g -O2      conftest.c >&5
conftest.c:60:19: error: vfork.h: No such file or directory
configure:7861: $? = 1
configure: failed program was:
| /* confdefs.h.  */
| #define PACKAGE_NAME "mplayerplug-in"
| #define PACKAGE_TARNAME "mplayerplug-in"
| #define PACKAGE_VERSION "3.55"
| #define PACKAGE_STRING "mplayerplug-in 3.55"
| #define PACKAGE_BUGREPORT "mplayerplug-in-devel@lists.sourceforge.net"
| #define STDC_HEADERS 1
| #define HAVE_SYS_TYPES_H 1
| #define HAVE_SYS_STAT_H 1
| #define HAVE_STDLIB_H 1
| #define HAVE_STRING_H 1
| #define HAVE_MEMORY_H 1
| #define HAVE_STRINGS_H 1
| #define HAVE_INTTYPES_H 1
| #define HAVE_STDINT_H 1
| #define HAVE_UNISTD_H 1
| #define STDC_HEADERS 1
| #define HAVE_STDDEF_H 1
| #define HAVE_STDLIB_H 1
| #define HAVE_UNISTD_H 1
| #define HAVE_SYS_STAT_H 1
| #define HAVE_FCNTL_H 1
| #define TIME_WITH_SYS_TIME 1
| #define HAVE_STDLIB_H 1
| #define HAVE_MALLOC 1
| /* end confdefs.h.  */
| #include <stdio.h>
| #ifdef HAVE_SYS_TYPES_H
| # include <sys/types.h>
| #endif
| #ifdef HAVE_SYS_STAT_H
| # include <sys/stat.h>
| #endif
| #ifdef STDC_HEADERS
| # include <stdlib.h>
| # include <stddef.h>
| #else
| # ifdef HAVE_STDLIB_H
| #  include <stdlib.h>
| # endif
| #endif
| #ifdef HAVE_STRING_H
| # if !defined STDC_HEADERS && defined HAVE_MEMORY_H
| #  include <memory.h>
| # endif
| # include <string.h>
| #endif
| #ifdef HAVE_STRINGS_H
| # include <strings.h>
| #endif
| #ifdef HAVE_INTTYPES_H
| # include <inttypes.h>
| #endif
| #ifdef HAVE_STDINT_H
| # include <stdint.h>
| #endif
| #ifdef HAVE_UNISTD_H
| # include <unistd.h>
| #endif
| #include <vfork.h>
configure:7875: result: no
configure:7879: checking vfork.h presence
configure:7894: gcc -E  conftest.c
conftest.c:27:19: error: vfork.h: No such file or directory
configure:7900: $? = 1
configure: failed program was:
| /* confdefs.h.  */
| #define PACKAGE_NAME "mplayerplug-in"
| #define PACKAGE_TARNAME "mplayerplug-in"
| #define PACKAGE_VERSION "3.55"
| #define PACKAGE_STRING "mplayerplug-in 3.55"
| #define PACKAGE_BUGREPORT "mplayerplug-in-devel@lists.sourceforge.net"
| #define STDC_HEADERS 1
| #define HAVE_SYS_TYPES_H 1
| #define HAVE_SYS_STAT_H 1
| #define HAVE_STDLIB_H 1
| #define HAVE_STRING_H 1
| #define HAVE_MEMORY_H 1
| #define HAVE_STRINGS_H 1
| #define HAVE_INTTYPES_H 1
| #define HAVE_STDINT_H 1
| #define HAVE_UNISTD_H 1
| #define STDC_HEADERS 1
| #define HAVE_STDDEF_H 1
| #define HAVE_STDLIB_H 1
| #define HAVE_UNISTD_H 1
| #define HAVE_SYS_STAT_H 1
| #define HAVE_FCNTL_H 1
| #define TIME_WITH_SYS_TIME 1
| #define HAVE_STDLIB_H 1
| #define HAVE_MALLOC 1
| /* end confdefs.h.  */
| #include <vfork.h>
configure:7914: result: no
configure:7947: checking for vfork.h
configure:7955: result: no
configure:7973: checking for fork
configure:8029: gcc -o conftest -g -O2       conftest.c -lX11    -lX11  -lXt -lX11 -lSM -lICE   >&5
conftest.c:50: warning: conflicting types for built-in function 'fork'
configure:8035: $? = 0
configure:8053: result: yes
configure:7973: checking for vfork
configure:8029: gcc -o conftest -g -O2       conftest.c -lX11    -lX11  -lXt -lX11 -lSM -lICE   >&5
configure:8035: $? = 0
configure:8053: result: yes
configure:8064: checking for working fork
configure:8096: gcc -o conftest -g -O2       conftest.c -lX11    -lX11  -lXt -lX11 -lSM -lICE   >&5
configure:8099: $? = 0
configure:8105: ./conftest
configure:8108: $? = 0
configure:8124: result: yes
configure:8145: checking for working vfork
configure:8283: result: yes
configure:8332: checking for memset
configure:8388: gcc -o conftest -g -O2       conftest.c -lX11    -lX11  -lXt -lX11 -lSM -lICE   >&5
conftest.c:54: warning: conflicting types for built-in function 'memset'
configure:8394: $? = 0
configure:8412: result: yes
configure:8332: checking for strcasecmp
configure:8388: gcc -o conftest -g -O2       conftest.c -lX11    -lX11  -lXt -lX11 -lSM -lICE   >&5
conftest.c:55: warning: conflicting types for built-in function 'strcasecmp'
configure:8394: $? = 0
configure:8412: result: yes
configure:8332: checking for strchr
configure:8388: gcc -o conftest -g -O2       conftest.c -lX11    -lX11  -lXt -lX11 -lSM -lICE   >&5
conftest.c:56: warning: conflicting types for built-in function 'strchr'
configure:8394: $? = 0
configure:8412: result: yes
configure:8332: checking for strdup
configure:8388: gcc -o conftest -g -O2       conftest.c -lX11    -lX11  -lXt -lX11 -lSM -lICE   >&5
conftest.c:57: warning: conflicting types for built-in function 'strdup'
configure:8394: $? = 0
configure:8412: result: yes
configure:8332: checking for strncasecmp
configure:8388: gcc -o conftest -g -O2       conftest.c -lX11    -lX11  -lXt -lX11 -lSM -lICE   >&5
conftest.c:58: warning: conflicting types for built-in function 'strncasecmp'
configure:8394: $? = 0
configure:8412: result: yes
configure:8332: checking for strstr
configure:8388: gcc -o conftest -g -O2       conftest.c -lX11    -lX11  -lXt -lX11 -lSM -lICE   >&5
conftest.c:59: warning: conflicting types for built-in function 'strstr'
configure:8394: $? = 0
configure:8412: result: yes
configure:8332: checking for strrchr
configure:8388: gcc -o conftest -g -O2       conftest.c -lX11    -lX11  -lXt -lX11 -lSM -lICE   >&5
conftest.c:60: warning: conflicting types for built-in function 'strrchr'
configure:8394: $? = 0
configure:8412: result: yes
configure:8332: checking for snprintf
configure:8388: gcc -o conftest -g -O2       conftest.c -lX11    -lX11  -lXt -lX11 -lSM -lICE   >&5
conftest.c:61: warning: conflicting types for built-in function 'snprintf'
configure:8394: $? = 0
configure:8412: result: yes
configure:8332: checking for mkfifo
configure:8388: gcc -o conftest -g -O2       conftest.c -lX11    -lX11  -lXt -lX11 -lSM -lICE   >&5
configure:8394: $? = 0
configure:8412: result: yes
configure:8332: checking for dup2
configure:8388: gcc -o conftest -g -O2       conftest.c -lX11    -lX11  -lXt -lX11 -lSM -lICE   >&5
configure:8394: $? = 0
configure:8412: result: yes
configure:8332: checking for gettimeofday
configure:8388: gcc -o conftest -g -O2       conftest.c -lX11    -lX11  -lXt -lX11 -lSM -lICE   >&5
configure:8394: $? = 0
configure:8412: result: yes
configure:8332: checking for strerror
configure:8388: gcc -o conftest -g -O2       conftest.c -lX11    -lX11  -lXt -lX11 -lSM -lICE   >&5
configure:8394: $? = 0
configure:8412: result: yes
configure:8332: checking for strtol
configure:8388: gcc -o conftest -g -O2       conftest.c -lX11    -lX11  -lXt -lX11 -lSM -lICE   >&5
configure:8394: $? = 0
configure:8412: result: yes
configure:8332: checking for mkdir
configure:8388: gcc -o conftest -g -O2       conftest.c -lX11    -lX11  -lXt -lX11 -lSM -lICE   >&5
configure:8394: $? = 0
configure:8412: result: yes
configure:8332: checking for setlocale
configure:8388: gcc -o conftest -g -O2       conftest.c -lX11    -lX11  -lXt -lX11 -lSM -lICE   >&5
configure:8394: $? = 0
configure:8412: result: yes
configure:8427: checking for memmem
configure:8483: gcc -o conftest -g -O2       conftest.c -lX11    -lX11  -lXt -lX11 -lSM -lICE   >&5
configure:8489: $? = 0
configure:8507: result: yes
configure:8548: checking libintl.h usability
configure:8565: gcc -c -g -O2      conftest.c >&5
configure:8571: $? = 0
configure:8585: result: yes
configure:8589: checking libintl.h presence
configure:8604: gcc -E  conftest.c
configure:8610: $? = 0
configure:8624: result: yes
configure:8657: checking for libintl.h
configure:8665: result: yes
configure:8698: checking sys/time.h usability
configure:8715: gcc -c -g -O2      conftest.c >&5
configure:8721: $? = 0
configure:8735: result: yes
configure:8739: checking sys/time.h presence
configure:8754: gcc -E  conftest.c
configure:8760: $? = 0
configure:8774: result: yes
configure:8807: checking for sys/time.h
configure:8815: result: yes
configure:8843: checking sys/param.h usability
configure:8860: gcc -c -g -O2      conftest.c >&5
configure:8866: $? = 0
configure:8880: result: yes
configure:8884: checking sys/param.h presence
configure:8899: gcc -E  conftest.c
configure:8905: $? = 0
configure:8919: result: yes
configure:8952: checking for sys/param.h
configure:8960: result: yes
configure:8988: checking locale.h usability
configure:9005: gcc -c -g -O2      conftest.c >&5
configure:9011: $? = 0
configure:9025: result: yes
configure:9029: checking locale.h presence
configure:9044: gcc -E  conftest.c
configure:9050: $? = 0
configure:9064: result: yes
configure:9097: checking for locale.h
configure:9105: result: yes
configure:9119: checking for stdbool.h that conforms to C99
configure:9212: gcc -c -g -O2      conftest.c >&5
configure:9218: $? = 0
configure:9233: result: yes
configure:9235: checking for _Bool
configure:9265: gcc -c -g -O2      conftest.c >&5
configure:9271: $? = 0
configure:9286: result: yes
configure:9305: checking for sys/wait.h that is POSIX.1 compatible
configure:9341: gcc -c -g -O2      conftest.c >&5
configure:9347: $? = 0
configure:9362: result: yes
configure:9372: checking return type of signal handlers
configure:9400: gcc -c -g -O2      conftest.c >&5
conftest.c: In function 'main':
conftest.c:61: error: void value not ignored as it ought to be
configure:9406: $? = 1
configure: failed program was:
| /* confdefs.h.  */
| #define PACKAGE_NAME "mplayerplug-in"
| #define PACKAGE_TARNAME "mplayerplug-in"
| #define PACKAGE_VERSION "3.55"
| #define PACKAGE_STRING "mplayerplug-in 3.55"
| #define PACKAGE_BUGREPORT "mplayerplug-in-devel@lists.sourceforge.net"
| #define STDC_HEADERS 1
| #define HAVE_SYS_TYPES_H 1
| #define HAVE_SYS_STAT_H 1
| #define HAVE_STDLIB_H 1
| #define HAVE_STRING_H 1
| #define HAVE_MEMORY_H 1
| #define HAVE_STRINGS_H 1
| #define HAVE_INTTYPES_H 1
| #define HAVE_STDINT_H 1
| #define HAVE_UNISTD_H 1
| #define STDC_HEADERS 1
| #define HAVE_STDDEF_H 1
| #define HAVE_STDLIB_H 1
| #define HAVE_UNISTD_H 1
| #define HAVE_SYS_STAT_H 1
| #define HAVE_FCNTL_H 1
| #define TIME_WITH_SYS_TIME 1
| #define HAVE_STDLIB_H 1
| #define HAVE_MALLOC 1
| #define HAVE_FORK 1
| #define HAVE_VFORK 1
| #define HAVE_WORKING_VFORK 1
| #define HAVE_WORKING_FORK 1
| #define HAVE_MEMSET 1
| #define HAVE_STRCASECMP 1
| #define HAVE_STRCHR 1
| #define HAVE_STRDUP 1
| #define HAVE_STRNCASECMP 1
| #define HAVE_STRSTR 1
| #define HAVE_STRRCHR 1
| #define HAVE_SNPRINTF 1
| #define HAVE_MKFIFO 1
| #define HAVE_DUP2 1
| #define HAVE_GETTIMEOFDAY 1
| #define HAVE_STRERROR 1
| #define HAVE_STRTOL 1
| #define HAVE_MKDIR 1
| #define HAVE_SETLOCALE 1
| #define HAVE_MEMMEM 1
| #define HAVE_LIBINTL_H 1
| #define HAVE_GETTEXT 1
| #define HAVE_SYS_TIME_H 1
| #define HAVE_SYS_PARAM_H 1
| #define HAVE_LOCALE_H 1
| #define HAVE__BOOL 1
| #define HAVE_STDBOOL_H 1
| #define HAVE_SYS_WAIT_H 1
| /* end confdefs.h.  */
| #include <sys/types.h>
| #include <signal.h>
| 
| int
| main ()
| {
| return *(signal (0, 0)) (0) == 1;
|   ;
|   return 0;
| }
configure:9421: result: void
configure:9431: checking for DPMSQueryExtension in -lXdpms
configure:9466: gcc -o conftest -g -O2        conftest.c -lXdpms  -lX11    -lX11  -lXt -lX11 -lSM -lICE   >&5
/usr/bin/ld: cannot find -lXdpms
collect2: ld returned 1 exit status
configure:9472: $? = 1
configure: failed program was:
| /* confdefs.h.  */
| #define PACKAGE_NAME "mplayerplug-in"
| #define PACKAGE_TARNAME "mplayerplug-in"
| #define PACKAGE_VERSION "3.55"
| #define PACKAGE_STRING "mplayerplug-in 3.55"
| #define PACKAGE_BUGREPORT "mplayerplug-in-devel@lists.sourceforge.net"
| #define STDC_HEADERS 1
| #define HAVE_SYS_TYPES_H 1
| #define HAVE_SYS_STAT_H 1
| #define HAVE_STDLIB_H 1
| #define HAVE_STRING_H 1
| #define HAVE_MEMORY_H 1
| #define HAVE_STRINGS_H 1
| #define HAVE_INTTYPES_H 1
| #define HAVE_STDINT_H 1
| #define HAVE_UNISTD_H 1
| #define STDC_HEADERS 1
| #define HAVE_STDDEF_H 1
| #define HAVE_STDLIB_H 1
| #define HAVE_UNISTD_H 1
| #define HAVE_SYS_STAT_H 1
| #define HAVE_FCNTL_H 1
| #define TIME_WITH_SYS_TIME 1
| #define HAVE_STDLIB_H 1
| #define HAVE_MALLOC 1
| #define HAVE_FORK 1
| #define HAVE_VFORK 1
| #define HAVE_WORKING_VFORK 1
| #define HAVE_WORKING_FORK 1
| #define HAVE_MEMSET 1
| #define HAVE_STRCASECMP 1
| #define HAVE_STRCHR 1
| #define HAVE_STRDUP 1
| #define HAVE_STRNCASECMP 1
| #define HAVE_STRSTR 1
| #define HAVE_STRRCHR 1
| #define HAVE_SNPRINTF 1
| #define HAVE_MKFIFO 1
| #define HAVE_DUP2 1
| #define HAVE_GETTIMEOFDAY 1
| #define HAVE_STRERROR 1
| #define HAVE_STRTOL 1
| #define HAVE_MKDIR 1
| #define HAVE_SETLOCALE 1
| #define HAVE_MEMMEM 1
| #define HAVE_LIBINTL_H 1
| #define HAVE_GETTEXT 1
| #define HAVE_SYS_TIME_H 1
| #define HAVE_SYS_PARAM_H 1
| #define HAVE_LOCALE_H 1
| #define HAVE__BOOL 1
| #define HAVE_STDBOOL_H 1
| #define HAVE_SYS_WAIT_H 1
| #define RETSIGTYPE void
| /* end confdefs.h.  */
| 
| /* Override any GCC internal prototype to avoid an error.
|    Use char because int might match the return type of a GCC
|    builtin and then its argument prototype would still apply.  */
| #ifdef __cplusplus
| extern "C"
| #endif
| char DPMSQueryExtension ();
| int
| main ()
| {
| return DPMSQueryExtension ();
|   ;
|   return 0;
| }
configure:9490: result: no
configure:9500: checking for X11/extensions/dpms.h
configure:9521: gcc -c -g -O2      conftest.c >&5
configure:9527: $? = 0
configure:9542: result: yes
configure:9658: creating ./config.status

## ---------------------- ##
## Running config.status. ##
## ---------------------- ##

This file was extended by mplayerplug-in config.status 3.55, which was
generated by GNU Autoconf 2.61.  Invocation command line was

  CONFIG_FILES    = 
  CONFIG_HEADERS  = 
  CONFIG_LINKS    = 
  CONFIG_COMMANDS = 
  $ ./config.status 

on frednut

config.status:637: creating Makefile
config.status:772: WARNING:  Makefile.in seems to ignore the --datarootdir setting
config.status:637: creating po/Makefile
config.status:772: WARNING:  po/Makefile.in seems to ignore the --datarootdir setting
config.status:637: creating install.sh
config.status:772: WARNING:  install.sh.in seems to ignore the --datarootdir setting
config.status:637: creating uninstall.sh
config.status:637: creating dist.sh
config.status:637: creating mplayerplug-in.spec
config.status:637: creating config.h

## ---------------- ##
## Cache variables. ##
## ---------------- ##

ac_cv_c_compiler_gnu=yes
ac_cv_c_const=yes
ac_cv_cxx_compiler_gnu=yes
ac_cv_env_CCC_set=
ac_cv_env_CCC_value=
ac_cv_env_CC_set=
ac_cv_env_CC_value=
ac_cv_env_CFLAGS_set=
ac_cv_env_CFLAGS_value=
ac_cv_env_CPPFLAGS_set=
ac_cv_env_CPPFLAGS_value=
ac_cv_env_CPP_set=
ac_cv_env_CPP_value=
ac_cv_env_CXXFLAGS_set=
ac_cv_env_CXXFLAGS_value=
ac_cv_env_CXX_set=
ac_cv_env_CXX_value=
ac_cv_env_LDFLAGS_set=
ac_cv_env_LDFLAGS_value=
ac_cv_env_LIBS_set=
ac_cv_env_LIBS_value=
ac_cv_env_XMKMF_set=
ac_cv_env_XMKMF_value=
ac_cv_env_build_alias_set=
ac_cv_env_build_alias_value=
ac_cv_env_host_alias_set=
ac_cv_env_host_alias_value=
ac_cv_env_target_alias_set=
ac_cv_env_target_alias_value=
ac_cv_func_dup2=yes
ac_cv_func_fork=yes
ac_cv_func_fork_works=yes
ac_cv_func_gettimeofday=yes
ac_cv_func_malloc_0_nonnull=yes
ac_cv_func_memmem=yes
ac_cv_func_memset=yes
ac_cv_func_mkdir=yes
ac_cv_func_mkfifo=yes
ac_cv_func_setlocale=yes
ac_cv_func_snprintf=yes
ac_cv_func_strcasecmp=yes
ac_cv_func_strchr=yes
ac_cv_func_strdup=yes
ac_cv_func_strerror=yes
ac_cv_func_strncasecmp=yes
ac_cv_func_strrchr=yes
ac_cv_func_strstr=yes
ac_cv_func_strtol=yes
ac_cv_func_vfork=yes
ac_cv_func_vfork_works=yes
ac_cv_header_X11_extensions_dpms_h=yes
ac_cv_header_fcntl_h=yes
ac_cv_header_inttypes_h=yes
ac_cv_header_libintl_h=yes
ac_cv_header_locale_h=yes
ac_cv_header_memory_h=yes
ac_cv_header_stdbool_h=yes
ac_cv_header_stdc=yes
ac_cv_header_stddef_h=yes
ac_cv_header_stdint_h=yes
ac_cv_header_stdlib_h=yes
ac_cv_header_string_h=yes
ac_cv_header_strings_h=yes
ac_cv_header_sys_param_h=yes
ac_cv_header_sys_stat_h=yes
ac_cv_header_sys_time_h=yes
ac_cv_header_sys_types_h=yes
ac_cv_header_sys_wait_h=yes
ac_cv_header_time=yes
ac_cv_header_unistd_h=yes
ac_cv_header_vfork_h=no
ac_cv_lib_Xdpms_DPMSQueryExtension=no
ac_cv_objext=o
ac_cv_path_EGREP='/bin/grep -E'
ac_cv_path_GECKO_XPIDL=/usr/bin/xpidl
ac_cv_path_GREP=/bin/grep
ac_cv_path_PKG_CONFIG=/usr/bin/pkg-config
ac_cv_path_install='/usr/bin/install -c'
ac_cv_prog_AWK=gawk
ac_cv_prog_CPP='gcc -E'
ac_cv_prog_ac_ct_CC=gcc
ac_cv_prog_ac_ct_CXX=g++
ac_cv_prog_cc_c89=
ac_cv_prog_cc_g=yes
ac_cv_prog_cxx_g=yes
ac_cv_prog_make_make_set=yes
ac_cv_type__Bool=yes
ac_cv_type_pid_t=yes
ac_cv_type_signal=void
ac_cv_type_size_t=yes

## ----------------- ##
## Output variables. ##
## ----------------- ##

AWK='gawk'
CC='gcc'
CFLAGS='-g -O2    '
CPP='gcc -E'
CPPFLAGS=''
CREATE='    mplayerplug-in mplayerplug-in-wmp mplayerplug-in-qt mplayerplug-in-rm mplayerplug-in-dvx'
CXX='g++'
CXXFLAGS64=''
CXXFLAGS='-g -O2'
DEFS='-DHAVE_CONFIG_H'
ECHO_C=''
ECHO_N='-n'
ECHO_T=''
EGREP='/bin/grep -E'
EXEEXT=''
GECKO_DEFINES=''
GECKO_IDLDIR='/usr/share/idl/xulrunner-1.9.1.3'
GECKO_SDK_PREFIX=''
GECKO_XPIDL='/usr/bin/xpidl'
GREP='/bin/grep'
GTHREAD_CFLAGS=''
GTHREAD_LIBS=''
GTK24_CFLAGS=''
GTK24_LIBS=''
GTK_CFLAGS=' '
GTK_DEFINES='-DX_ENABLED '
GTK_LIBS=' '
INSTALL_DATA='${INSTALL} -m 644'
INSTALL_PROGRAM='${INSTALL}'
INSTALL_SCRIPT='${INSTALL}'
INSTALL_SUBDIR='install-languages'
LDFLAGS64=''
LDFLAGS=' '
LIBOBJS=''
LIBS='-lX11    -lX11  -lXt -lX11 -lSM -lICE  '
LOCALEDIR='/share/locale'
LTLIBOBJS=''
MOZILLA_HOME=''
MOZPLUG_CFLAGS='-fshort-wchar -I/usr/include/xulrunner-1.9.1.3/stable -I/usr/include/nspr   -I/usr/include/xulrunner-1.9.1.3'
MOZPLUG_LIBS='-L/usr/lib/xulrunner-devel-1.9.1.3/lib -lxpcomglue_s -lxul -lxpcom -lplds4 -lplc4 -lnspr4 -lpthread -ldl  '
OBJEXT='o'
PACKAGE_BUGREPORT='mplayerplug-in-devel@lists.sourceforge.net'
PACKAGE_NAME='mplayerplug-in'
PACKAGE_STRING='mplayerplug-in 3.55'
PACKAGE_TARNAME='mplayerplug-in'
PACKAGE_VERSION='3.55'
PATH_SEPARATOR=':'
PKG_CONFIG='/usr/bin/pkg-config'
PKG_CONFIG_PATH='/usr/lib/pkgconfig:/usr/share/pkgconfig:/opt/kde3/lib/pkgconfig:/usr/X11R6/lib/pkgconfig:/opt/kde/lib/pkgconfig:/opt/qt/lib/pkgconfig'
SET_MAKE=''
SHELL='/bin/sh'
SUBDIR='languages'
XEXT_LIBS='-lXext -lX11'
XMKMF=''
XPM_CFLAGS=' '
XPM_LIBS='-lXpm -lX11  '
XT_CFLAGS=' '
XT_LIBS='-lXt -lX11 -lSM -lICE  '
X_CFLAGS=' '
X_EXTRA_LIBS=''
X_LIBS='-lX11  '
X_PRE_LIBS=''
ac_ct_CC='gcc'
ac_ct_CXX='g++'
bindir='${exec_prefix}/bin'
build_alias=''
datadir='${datarootdir}'
datarootdir='${prefix}/share'
docdir='${datarootdir}/doc/${PACKAGE_TARNAME}'
dvidir='${docdir}'
exec_prefix='${prefix}'
host_alias=''
htmldir='${docdir}'
includedir='${prefix}/include'
infodir='${datarootdir}/info'
libdir='${exec_prefix}/lib'
libexecdir='${exec_prefix}/libexec'
localedir='${datarootdir}/locale'
localstatedir='${prefix}/var'
mandir='${datarootdir}/man'
oldincludedir='/usr/include'
pdfdir='${docdir}'
prefix='/usr/local'
program_transform_name='s,x,x,'
psdir='${docdir}'
sbindir='${exec_prefix}/sbin'
sharedstatedir='${prefix}/com'
sysconfdir='${prefix}/etc'
target_alias=''

## ----------- ##
## confdefs.h. ##
## ----------- ##

#define PACKAGE_NAME "mplayerplug-in"
#define PACKAGE_TARNAME "mplayerplug-in"
#define PACKAGE_VERSION "3.55"
#define PACKAGE_STRING "mplayerplug-in 3.55"
#define PACKAGE_BUGREPORT "mplayerplug-in-devel@lists.sourceforge.net"
#define STDC_HEADERS 1
#define HAVE_SYS_TYPES_H 1
#define HAVE_SYS_STAT_H 1
#define HAVE_STDLIB_H 1
#define HAVE_STRING_H 1
#define HAVE_MEMORY_H 1
#define HAVE_STRINGS_H 1
#define HAVE_INTTYPES_H 1
#define HAVE_STDINT_H 1
#define HAVE_UNISTD_H 1
#define STDC_HEADERS 1
#define HAVE_STDDEF_H 1
#define HAVE_STDLIB_H 1
#define HAVE_UNISTD_H 1
#define HAVE_SYS_STAT_H 1
#define HAVE_FCNTL_H 1
#define TIME_WITH_SYS_TIME 1
#define HAVE_STDLIB_H 1
#define HAVE_MALLOC 1
#define HAVE_FORK 1
#define HAVE_VFORK 1
#define HAVE_WORKING_VFORK 1
#define HAVE_WORKING_FORK 1
#define HAVE_MEMSET 1
#define HAVE_STRCASECMP 1
#define HAVE_STRCHR 1
#define HAVE_STRDUP 1
#define HAVE_STRNCASECMP 1
#define HAVE_STRSTR 1
#define HAVE_STRRCHR 1
#define HAVE_SNPRINTF 1
#define HAVE_MKFIFO 1
#define HAVE_DUP2 1
#define HAVE_GETTIMEOFDAY 1
#define HAVE_STRERROR 1
#define HAVE_STRTOL 1
#define HAVE_MKDIR 1
#define HAVE_SETLOCALE 1
#define HAVE_MEMMEM 1
#define HAVE_LIBINTL_H 1
#define HAVE_GETTEXT 1
#define HAVE_SYS_TIME_H 1
#define HAVE_SYS_PARAM_H 1
#define HAVE_LOCALE_H 1
#define HAVE__BOOL 1
#define HAVE_STDBOOL_H 1
#define HAVE_SYS_WAIT_H 1
#define RETSIGTYPE void
#define DPMSExtension 1

configure: exit 0
